Sat, 17 May 2014 12:16:10 +0200 [UpgradeWizard] - setting session variables...
Sat, 17 May 2014 12:16:10 +0200 [UpgradeWizard] - -----------------------------------------------------------------------------
Sat, 17 May 2014 12:16:10 +0200 [UpgradeWizard] - Upgrade started. At start.php
Sat, 17 May 2014 12:16:10 +0200 [UpgradeWizard] - at unlinkUWTempFiles()
Sat, 17 May 2014 12:16:10 +0200 [UpgradeWizard] - finished!
Sat, 17 May 2014 12:16:10 +0200 [UpgradeWizard] - resetting $_SESSION
Sat, 17 May 2014 12:16:15 +0200 [UpgradeWizard] - setting session variables...
Sat, 17 May 2014 12:16:15 +0200 [UpgradeWizard] - [At systemCheck.php]
Sat, 17 May 2014 12:16:15 +0200 [UpgradeWizard] - Starting file permission check...
Sat, 17 May 2014 12:16:39 +0200 [UpgradeWizard] - Finished file permission check.
Sat, 17 May 2014 12:16:39 +0200 [UpgradeWizard] - Starting database permissions check...
Sat, 17 May 2014 12:16:39 +0200 [UpgradeWizard] - Checking CREATE TABLE permissions...
Sat, 17 May 2014 12:16:39 +0200 [UpgradeWizard] - Checking INSERT INTO permissions...
Sat, 17 May 2014 12:16:39 +0200 [UpgradeWizard] - Checking UPDATE TABLE permissions...
Sat, 17 May 2014 12:16:39 +0200 [UpgradeWizard] - Checking SELECT permissions...
Sat, 17 May 2014 12:16:39 +0200 [UpgradeWizard] - Checking DELETE FROM permissions...
Sat, 17 May 2014 12:16:39 +0200 [UpgradeWizard] - Checking ALTER TABLE ADD COLUMN permissions...
Sat, 17 May 2014 12:16:39 +0200 [UpgradeWizard] - Checking ALTER TABLE CHANGE COLUMN permissions...
Sat, 17 May 2014 12:16:39 +0200 [UpgradeWizard] - Checking ALTER TABLE DROP COLUMN permissions...
Sat, 17 May 2014 12:16:39 +0200 [UpgradeWizard] - Checking DROP TABLE permissions...
Sat, 17 May 2014 12:16:39 +0200 [UpgradeWizard] - No permissions errors found!
Sat, 17 May 2014 12:16:39 +0200 [UpgradeWizard] - Finished database permissions check.
Sat, 17 May 2014 12:16:55 +0200 [UpgradeWizard] - setting session variables...
Sat, 17 May 2014 12:16:55 +0200 [UpgradeWizard] - At upload.php
Sat, 17 May 2014 12:16:55 +0200 [UpgradeWizard] - finding new files for upgrade
Sat, 17 May 2014 12:16:56 +0200 [UpgradeWizard] - *** Potential error: patch found with either no 'type' or non-patch type [ upload://upgrades/module/Solicitudes2014_05_14_184039.zip ]
Sat, 17 May 2014 12:16:56 +0200 [UpgradeWizard] - *** UW using [  ] as source for patch files.
Sat, 17 May 2014 12:17:01 +0200 [UpgradeWizard] - setting session variables...
Sat, 17 May 2014 12:17:01 +0200 [UpgradeWizard] - [At cancel.php]
Sat, 17 May 2014 12:17:01 +0200 [UpgradeWizard] - cleaning up files and session.  goodbye.
Sat, 17 May 2014 12:17:01 +0200 [UpgradeWizard] - at unlinkUWTempFiles()
Sat, 17 May 2014 12:17:01 +0200 [UpgradeWizard] - finished!
Sat, 17 May 2014 12:17:01 +0200 [UpgradeWizard] - resetting $_SESSION
Fri, 23 May 2014 17:32:03 +0200 [UpgradeWizard] - setting session variables...
Fri, 23 May 2014 17:32:03 +0200 [UpgradeWizard] - -----------------------------------------------------------------------------
Fri, 23 May 2014 17:32:03 +0200 [UpgradeWizard] - Upgrade started. At start.php
Fri, 23 May 2014 17:32:03 +0200 [UpgradeWizard] - at unlinkUWTempFiles()
Fri, 23 May 2014 17:32:03 +0200 [UpgradeWizard] - finished!
Fri, 23 May 2014 17:32:03 +0200 [UpgradeWizard] - resetting $_SESSION
